<?xml version="1.0" encoding="UTF-8"?>
<testng-results ignored="0" total="1" passed="1" failed="0" skipped="0">
  <reporter-output>
  </reporter-output>
  <suite started-at="2019-11-21T17:05:32 BRT" name="Default suite" finished-at="2019-11-21T17:06:07 BRT" duration-ms="34910">
    <groups>
    </groups>
    <test started-at="2019-11-21T17:05:32 BRT" name="Default test" finished-at="2019-11-21T17:06:07 BRT" duration-ms="34910">
      <class name="com.example.tests.AddCampanhaFila">
        <test-method signature="testUntitAddCmpFila()[pri:0, instance:com.example.tests.AddCampanhaFila@21b2e768]" started-at="2019-11-21T17:05:32 BRT" name="testUntitAddCmpFila" finished-at="2019-11-21T17:06:07 BRT" duration-ms="34873" status="PASS">
          <reporter-output>
          </reporter-output>
        </test-method> <!-- testUntitAddCmpFila -->
        <test-method is-config="true" signature="tearDown()[pri:0, instance:com.example.tests.AddCampanhaFila@21b2e768]" started-at="2019-11-21T17:06:07 BRT" name="tearDown" finished-at="2019-11-21T17:06:07 BRT" duration-ms="1" status="PASS">
          <reporter-output>
          </reporter-output>
        </test-method> <!-- tearDown -->
      </class> <!-- com.example.tests.AddCampanhaFila -->
    </test> <!-- Default test -->
  </suite> <!-- Default suite -->
</testng-results>
